<?xml version="1.0" encoding="UTF-8"?>
<testsuite xmlns:xsi="http://www.w3.org/2001/XMLSchema-instance" xsi:noNamespaceSchemaLocation="https://maven.apache.org/surefire/maven-surefire-plugin/xsd/surefire-test-report-3.0.xsd" version="3.0" name="com.assessment.weatherInfo.WeatherInfoApplicationTests" time="2.344" tests="1" errors="0" skipped="0" failures="0">
  <properties>
    <property name="java.specification.version" value="17"/>
    <property name="sun.cpu.isalist" value="amd64"/>
    <property name="sun.jnu.encoding" value="Cp1252"/>
    <property name="java.class.path" value="C:\Users\vemt\spring_project\weatherInfo\target\test-classes;C:\Users\vemt\spring_project\weatherInfo\target\classes;C:\Users\vemt\.m2\repository\org\springframework\boot\spring-boot-starter-web\3.2.0-SNAPSHOT\spring-boot-starter-web-3.2.0-SNAPSHOT.jar;C:\Users\vemt\.m2\repository\org\springframework\boot\spring-boot-starter\3.2.0-SNAPSHOT\spring-boot-starter-3.2.0-SNAPSHOT.jar;C:\Users\vemt\.m2\repository\org\springframework\boot\spring-boot-starter-logging\3.2.0-SNAPSHOT\spring-boot-starter-logging-3.2.0-SNAPSHOT.jar;C:\Users\vemt\.m2\repository\ch\qos\logback\logback-classic\1.4.8\logback-classic-1.4.8.jar;C:\Users\vemt\.m2\repository\ch\qos\logback\logback-core\1.4.8\logback-core-1.4.8.jar;C:\Users\vemt\.m2\repository\org\apache\logging\log4j\log4j-to-slf4j\2.20.0\log4j-to-slf4j-2.20.0.jar;C:\Users\vemt\.m2\repository\org\apache\logging\log4j\log4j-api\2.20.0\log4j-api-2.20.0.jar;C:\Users\vemt\.m2\repository\org\slf4j\jul-to-slf4j\2.0.7\jul-to-slf4j-2.0.7.jar;C:\Users\vemt\.m2\repository\jakarta\annotation\jakarta.annotation-api\2.1.1\jakarta.annotation-api-2.1.1.jar;C:\Users\vemt\.m2\repository\org\yaml\snakeyaml\2.0\snakeyaml-2.0.jar;C:\Users\vemt\.m2\repository\org\springframework\boot\spring-boot-starter-json\3.2.0-SNAPSHOT\spring-boot-starter-json-3.2.0-SNAPSHOT.jar;C:\Users\vemt\.m2\repository\com\fasterxml\jackson\core\jackson-databind\2.15.2\jackson-databind-2.15.2.jar;C:\Users\vemt\.m2\repository\com\fasterxml\jackson\core\jackson-annotations\2.15.2\jackson-annotations-2.15.2.jar;C:\Users\vemt\.m2\repository\com\fasterxml\jackson\core\jackson-core\2.15.2\jackson-core-2.15.2.jar;C:\Users\vemt\.m2\repository\com\fasterxml\jackson\datatype\jackson-datatype-jdk8\2.15.2\jackson-datatype-jdk8-2.15.2.jar;C:\Users\vemt\.m2\repository\com\fasterxml\jackson\datatype\jackson-datatype-jsr310\2.15.2\jackson-datatype-jsr310-2.15.2.jar;C:\Users\vemt\.m2\repository\com\fasterxml\jackson\module\jackson-module-parameter-names\2.15.2\jackson-module-parameter-names-2.15.2.jar;C:\Users\vemt\.m2\repository\org\springframework\boot\spring-boot-starter-tomcat\3.2.0-SNAPSHOT\spring-boot-starter-tomcat-3.2.0-SNAPSHOT.jar;C:\Users\vemt\.m2\repository\org\apache\tomcat\embed\tomcat-embed-core\10.1.11\tomcat-embed-core-10.1.11.jar;C:\Users\vemt\.m2\repository\org\apache\tomcat\embed\tomcat-embed-el\10.1.11\tomcat-embed-el-10.1.11.jar;C:\Users\vemt\.m2\repository\org\apache\tomcat\embed\tomcat-embed-websocket\10.1.11\tomcat-embed-websocket-10.1.11.jar;C:\Users\vemt\.m2\repository\org\springframework\spring-web\6.1.0-M3\spring-web-6.1.0-M3.jar;C:\Users\vemt\.m2\repository\org\springframework\spring-beans\6.1.0-M3\spring-beans-6.1.0-M3.jar;C:\Users\vemt\.m2\repository\io\micrometer\micrometer-observation\1.12.0-M1\micrometer-observation-1.12.0-M1.jar;C:\Users\vemt\.m2\repository\io\micrometer\micrometer-commons\1.12.0-M1\micrometer-commons-1.12.0-M1.jar;C:\Users\vemt\.m2\repository\org\springframework\spring-webmvc\6.1.0-M3\spring-webmvc-6.1.0-M3.jar;C:\Users\vemt\.m2\repository\org\springframework\spring-aop\6.1.0-M3\spring-aop-6.1.0-M3.jar;C:\Users\vemt\.m2\repository\org\springframework\spring-context\6.1.0-M3\spring-context-6.1.0-M3.jar;C:\Users\vemt\.m2\repository\org\springframework\spring-expression\6.1.0-M3\spring-expression-6.1.0-M3.jar;C:\Users\vemt\.m2\repository\org\springframework\boot\spring-boot-devtools\3.2.0-SNAPSHOT\spring-boot-devtools-3.2.0-SNAPSHOT.jar;C:\Users\vemt\.m2\repository\org\springframework\boot\spring-boot\3.2.0-SNAPSHOT\spring-boot-3.2.0-SNAPSHOT.jar;C:\Users\vemt\.m2\repository\org\springframework\boot\spring-boot-autoconfigure\3.2.0-SNAPSHOT\spring-boot-autoconfigure-3.2.0-SNAPSHOT.jar;C:\Users\vemt\.m2\repository\org\json\json\20230227\json-20230227.jar;C:\Users\vemt\.m2\repository\org\springframework\boot\spring-boot-starter-test\3.2.0-SNAPSHOT\spring-boot-starter-test-3.2.0-SNAPSHOT.jar;C:\Users\vemt\.m2\repository\org\springframework\boot\spring-boot-test\3.2.0-SNAPSHOT\spring-boot-test-3.2.0-SNAPSHOT.jar;C:\Users\vemt\.m2\repository\org\springframework\boot\spring-boot-test-autoconfigure\3.2.0-SNAPSHOT\spring-boot-test-autoconfigure-3.2.0-SNAPSHOT.jar;C:\Users\vemt\.m2\repository\com\jayway\jsonpath\json-path\2.8.0\json-path-2.8.0.jar;C:\Users\vemt\.m2\repository\org\slf4j\slf4j-api\2.0.7\slf4j-api-2.0.7.jar;C:\Users\vemt\.m2\repository\jakarta\xml\bind\jakarta.xml.bind-api\4.0.0\jakarta.xml.bind-api-4.0.0.jar;C:\Users\vemt\.m2\repository\jakarta\activation\jakarta.activation-api\2.1.2\jakarta.activation-api-2.1.2.jar;C:\Users\vemt\.m2\repository\net\minidev\json-smart\2.5.0\json-smart-2.5.0.jar;C:\Users\vemt\.m2\repository\net\minidev\accessors-smart\2.5.0\accessors-smart-2.5.0.jar;C:\Users\vemt\.m2\repository\org\ow2\asm\asm\9.3\asm-9.3.jar;C:\Users\vemt\.m2\repository\org\assertj\assertj-core\3.24.2\assertj-core-3.24.2.jar;C:\Users\vemt\.m2\repository\net\bytebuddy\byte-buddy\1.14.5\byte-buddy-1.14.5.jar;C:\Users\vemt\.m2\repository\org\hamcrest\hamcrest\2.2\hamcrest-2.2.jar;C:\Users\vemt\.m2\repository\org\junit\jupiter\junit-jupiter\5.9.3\junit-jupiter-5.9.3.jar;C:\Users\vemt\.m2\repository\org\junit\jupiter\junit-jupiter-api\5.9.3\junit-jupiter-api-5.9.3.jar;C:\Users\vemt\.m2\repository\org\opentest4j\opentest4j\1.2.0\opentest4j-1.2.0.jar;C:\Users\vemt\.m2\repository\org\junit\platform\junit-platform-commons\1.9.3\junit-platform-commons-1.9.3.jar;C:\Users\vemt\.m2\repository\org\apiguardian\apiguardian-api\1.1.2\apiguardian-api-1.1.2.jar;C:\Users\vemt\.m2\repository\org\junit\jupiter\junit-jupiter-params\5.9.3\junit-jupiter-params-5.9.3.jar;C:\Users\vemt\.m2\repository\org\junit\jupiter\junit-jupiter-engine\5.9.3\junit-jupiter-engine-5.9.3.jar;C:\Users\vemt\.m2\repository\org\junit\platform\junit-platform-engine\1.9.3\junit-platform-engine-1.9.3.jar;C:\Users\vemt\.m2\repository\org\mockito\mockito-core\5.4.0\mockito-core-5.4.0.jar;C:\Users\vemt\.m2\repository\net\bytebuddy\byte-buddy-agent\1.14.5\byte-buddy-agent-1.14.5.jar;C:\Users\vemt\.m2\repository\org\objenesis\objenesis\3.3\objenesis-3.3.jar;C:\Users\vemt\.m2\repository\org\mockito\mockito-junit-jupiter\5.4.0\mockito-junit-jupiter-5.4.0.jar;C:\Users\vemt\.m2\repository\org\skyscreamer\jsonassert\1.5.1\jsonassert-1.5.1.jar;C:\Users\vemt\.m2\repository\com\vaadin\external\google\android-json\0.0.20131108.vaadin1\android-json-0.0.20131108.vaadin1.jar;C:\Users\vemt\.m2\repository\org\springframework\spring-core\6.1.0-M3\spring-core-6.1.0-M3.jar;C:\Users\vemt\.m2\repository\org\springframework\spring-jcl\6.1.0-M3\spring-jcl-6.1.0-M3.jar;C:\Users\vemt\.m2\repository\org\springframework\spring-test\6.1.0-M3\spring-test-6.1.0-M3.jar;C:\Users\vemt\.m2\repository\org\xmlunit\xmlunit-core\2.9.1\xmlunit-core-2.9.1.jar;"/>
    <property name="java.vm.vendor" value="Oracle Corporation"/>
    <property name="sun.arch.data.model" value="64"/>
    <property name="user.variant" value=""/>
    <property name="java.vendor.url" value="https://java.oracle.com/"/>
    <property name="user.timezone" value="Asia/Calcutta"/>
    <property name="os.name" value="Windows 10"/>
    <property name="java.vm.specification.version" value="17"/>
    <property name="sun.java.launcher" value="SUN_STANDARD"/>
    <property name="user.country" value="IN"/>
    <property name="sun.boot.library.path" value="C:\Program Files\jdk-17.0.6_windows-x64_bin\jdk-17.0.6\bin"/>
    <property name="sun.java.command" value="C:\Users\vemt\AppData\Local\Temp\surefire10607246325535064448\surefirebooter-20230724150728939_3.jar C:\Users\vemt\AppData\Local\Temp\surefire10607246325535064448 2023-07-24T15-07-26_652-jvmRun1 surefire-20230724150728939_1tmp surefire_0-20230724150728939_2tmp"/>
    <property name="jdk.debug" value="release"/>
    <property name="surefire.test.class.path" value="C:\Users\vemt\spring_project\weatherInfo\target\test-classes;C:\Users\vemt\spring_project\weatherInfo\target\classes;C:\Users\vemt\.m2\repository\org\springframework\boot\spring-boot-starter-web\3.2.0-SNAPSHOT\spring-boot-starter-web-3.2.0-SNAPSHOT.jar;C:\Users\vemt\.m2\repository\org\springframework\boot\spring-boot-starter\3.2.0-SNAPSHOT\spring-boot-starter-3.2.0-SNAPSHOT.jar;C:\Users\vemt\.m2\repository\org\springframework\boot\spring-boot-starter-logging\3.2.0-SNAPSHOT\spring-boot-starter-logging-3.2.0-SNAPSHOT.jar;C:\Users\vemt\.m2\repository\ch\qos\logback\logback-classic\1.4.8\logback-classic-1.4.8.jar;C:\Users\vemt\.m2\repository\ch\qos\logback\logback-core\1.4.8\logback-core-1.4.8.jar;C:\Users\vemt\.m2\repository\org\apache\logging\log4j\log4j-to-slf4j\2.20.0\log4j-to-slf4j-2.20.0.jar;C:\Users\vemt\.m2\repository\org\apache\logging\log4j\log4j-api\2.20.0\log4j-api-2.20.0.jar;C:\Users\vemt\.m2\repository\org\slf4j\jul-to-slf4j\2.0.7\jul-to-slf4j-2.0.7.jar;C:\Users\vemt\.m2\repository\jakarta\annotation\jakarta.annotation-api\2.1.1\jakarta.annotation-api-2.1.1.jar;C:\Users\vemt\.m2\repository\org\yaml\snakeyaml\2.0\snakeyaml-2.0.jar;C:\Users\vemt\.m2\repository\org\springframework\boot\spring-boot-starter-json\3.2.0-SNAPSHOT\spring-boot-starter-json-3.2.0-SNAPSHOT.jar;C:\Users\vemt\.m2\repository\com\fasterxml\jackson\core\jackson-databind\2.15.2\jackson-databind-2.15.2.jar;C:\Users\vemt\.m2\repository\com\fasterxml\jackson\core\jackson-annotations\2.15.2\jackson-annotations-2.15.2.jar;C:\Users\vemt\.m2\repository\com\fasterxml\jackson\core\jackson-core\2.15.2\jackson-core-2.15.2.jar;C:\Users\vemt\.m2\repository\com\fasterxml\jackson\datatype\jackson-datatype-jdk8\2.15.2\jackson-datatype-jdk8-2.15.2.jar;C:\Users\vemt\.m2\repository\com\fasterxml\jackson\datatype\jackson-datatype-jsr310\2.15.2\jackson-datatype-jsr310-2.15.2.jar;C:\Users\vemt\.m2\repository\com\fasterxml\jackson\module\jackson-module-parameter-names\2.15.2\jackson-module-parameter-names-2.15.2.jar;C:\Users\vemt\.m2\repository\org\springframework\boot\spring-boot-starter-tomcat\3.2.0-SNAPSHOT\spring-boot-starter-tomcat-3.2.0-SNAPSHOT.jar;C:\Users\vemt\.m2\repository\org\apache\tomcat\embed\tomcat-embed-core\10.1.11\tomcat-embed-core-10.1.11.jar;C:\Users\vemt\.m2\repository\org\apache\tomcat\embed\tomcat-embed-el\10.1.11\tomcat-embed-el-10.1.11.jar;C:\Users\vemt\.m2\repository\org\apache\tomcat\embed\tomcat-embed-websocket\10.1.11\tomcat-embed-websocket-10.1.11.jar;C:\Users\vemt\.m2\repository\org\springframework\spring-web\6.1.0-M3\spring-web-6.1.0-M3.jar;C:\Users\vemt\.m2\repository\org\springframework\spring-beans\6.1.0-M3\spring-beans-6.1.0-M3.jar;C:\Users\vemt\.m2\repository\io\micrometer\micrometer-observation\1.12.0-M1\micrometer-observation-1.12.0-M1.jar;C:\Users\vemt\.m2\repository\io\micrometer\micrometer-commons\1.12.0-M1\micrometer-commons-1.12.0-M1.jar;C:\Users\vemt\.m2\repository\org\springframework\spring-webmvc\6.1.0-M3\spring-webmvc-6.1.0-M3.jar;C:\Users\vemt\.m2\repository\org\springframework\spring-aop\6.1.0-M3\spring-aop-6.1.0-M3.jar;C:\Users\vemt\.m2\repository\org\springframework\spring-context\6.1.0-M3\spring-context-6.1.0-M3.jar;C:\Users\vemt\.m2\repository\org\springframework\spring-expression\6.1.0-M3\spring-expression-6.1.0-M3.jar;C:\Users\vemt\.m2\repository\org\springframework\boot\spring-boot-devtools\3.2.0-SNAPSHOT\spring-boot-devtools-3.2.0-SNAPSHOT.jar;C:\Users\vemt\.m2\repository\org\springframework\boot\spring-boot\3.2.0-SNAPSHOT\spring-boot-3.2.0-SNAPSHOT.jar;C:\Users\vemt\.m2\repository\org\springframework\boot\spring-boot-autoconfigure\3.2.0-SNAPSHOT\spring-boot-autoconfigure-3.2.0-SNAPSHOT.jar;C:\Users\vemt\.m2\repository\org\json\json\20230227\json-20230227.jar;C:\Users\vemt\.m2\repository\org\springframework\boot\spring-boot-starter-test\3.2.0-SNAPSHOT\spring-boot-starter-test-3.2.0-SNAPSHOT.jar;C:\Users\vemt\.m2\repository\org\springframework\boot\spring-boot-test\3.2.0-SNAPSHOT\spring-boot-test-3.2.0-SNAPSHOT.jar;C:\Users\vemt\.m2\repository\org\springframework\boot\spring-boot-test-autoconfigure\3.2.0-SNAPSHOT\spring-boot-test-autoconfigure-3.2.0-SNAPSHOT.jar;C:\Users\vemt\.m2\repository\com\jayway\jsonpath\json-path\2.8.0\json-path-2.8.0.jar;C:\Users\vemt\.m2\repository\org\slf4j\slf4j-api\2.0.7\slf4j-api-2.0.7.jar;C:\Users\vemt\.m2\repository\jakarta\xml\bind\jakarta.xml.bind-api\4.0.0\jakarta.xml.bind-api-4.0.0.jar;C:\Users\vemt\.m2\repository\jakarta\activation\jakarta.activation-api\2.1.2\jakarta.activation-api-2.1.2.jar;C:\Users\vemt\.m2\repository\net\minidev\json-smart\2.5.0\json-smart-2.5.0.jar;C:\Users\vemt\.m2\repository\net\minidev\accessors-smart\2.5.0\accessors-smart-2.5.0.jar;C:\Users\vemt\.m2\repository\org\ow2\asm\asm\9.3\asm-9.3.jar;C:\Users\vemt\.m2\repository\org\assertj\assertj-core\3.24.2\assertj-core-3.24.2.jar;C:\Users\vemt\.m2\repository\net\bytebuddy\byte-buddy\1.14.5\byte-buddy-1.14.5.jar;C:\Users\vemt\.m2\repository\org\hamcrest\hamcrest\2.2\hamcrest-2.2.jar;C:\Users\vemt\.m2\repository\org\junit\jupiter\junit-jupiter\5.9.3\junit-jupiter-5.9.3.jar;C:\Users\vemt\.m2\repository\org\junit\jupiter\junit-jupiter-api\5.9.3\junit-jupiter-api-5.9.3.jar;C:\Users\vemt\.m2\repository\org\opentest4j\opentest4j\1.2.0\opentest4j-1.2.0.jar;C:\Users\vemt\.m2\repository\org\junit\platform\junit-platform-commons\1.9.3\junit-platform-commons-1.9.3.jar;C:\Users\vemt\.m2\repository\org\apiguardian\apiguardian-api\1.1.2\apiguardian-api-1.1.2.jar;C:\Users\vemt\.m2\repository\org\junit\jupiter\junit-jupiter-params\5.9.3\junit-jupiter-params-5.9.3.jar;C:\Users\vemt\.m2\repository\org\junit\jupiter\junit-jupiter-engine\5.9.3\junit-jupiter-engine-5.9.3.jar;C:\Users\vemt\.m2\repository\org\junit\platform\junit-platform-engine\1.9.3\junit-platform-engine-1.9.3.jar;C:\Users\vemt\.m2\repository\org\mockito\mockito-core\5.4.0\mockito-core-5.4.0.jar;C:\Users\vemt\.m2\repository\net\bytebuddy\byte-buddy-agent\1.14.5\byte-buddy-agent-1.14.5.jar;C:\Users\vemt\.m2\repository\org\objenesis\objenesis\3.3\objenesis-3.3.jar;C:\Users\vemt\.m2\repository\org\mockito\mockito-junit-jupiter\5.4.0\mockito-junit-jupiter-5.4.0.jar;C:\Users\vemt\.m2\repository\org\skyscreamer\jsonassert\1.5.1\jsonassert-1.5.1.jar;C:\Users\vemt\.m2\repository\com\vaadin\external\google\android-json\0.0.20131108.vaadin1\android-json-0.0.20131108.vaadin1.jar;C:\Users\vemt\.m2\repository\org\springframework\spring-core\6.1.0-M3\spring-core-6.1.0-M3.jar;C:\Users\vemt\.m2\repository\org\springframework\spring-jcl\6.1.0-M3\spring-jcl-6.1.0-M3.jar;C:\Users\vemt\.m2\repository\org\springframework\spring-test\6.1.0-M3\spring-test-6.1.0-M3.jar;C:\Users\vemt\.m2\repository\org\xmlunit\xmlunit-core\2.9.1\xmlunit-core-2.9.1.jar;"/>
    <property name="sun.cpu.endian" value="little"/>
    <property name="user.home" value="C:\Users\vemt"/>
    <property name="user.language" value="en"/>
    <property name="java.specification.vendor" value="Oracle Corporation"/>
    <property name="java.version.date" value="2023-01-17"/>
    <property name="java.home" value="C:\Program Files\jdk-17.0.6_windows-x64_bin\jdk-17.0.6"/>
    <property name="file.separator" value="\"/>
    <property name="basedir" value="C:\Users\vemt\spring_project\weatherInfo"/>
    <property name="java.vm.compressedOopsMode" value="Zero based"/>
    <property name="line.separator" value="&#10;"/>
    <property name="java.vm.specification.vendor" value="Oracle Corporation"/>
    <property name="java.specification.name" value="Java Platform API Specification"/>
    <property name="FILE_LOG_CHARSET" value="windows-1252"/>
    <property name="java.awt.headless" value="true"/>
    <property name="surefire.real.class.path" value="C:\Users\vemt\AppData\Local\Temp\surefire10607246325535064448\surefirebooter-20230724150728939_3.jar"/>
    <property name="user.script" value=""/>
    <property name="sun.management.compiler" value="HotSpot 64-Bit Tiered Compilers"/>
    <property name="java.runtime.version" value="17.0.6+9-LTS-190"/>
    <property name="user.name" value="vemt"/>
    <property name="path.separator" value=";"/>
    <property name="os.version" value="10.0"/>
    <property name="java.runtime.name" value="Java(TM) SE Runtime Environment"/>
    <property name="file.encoding" value="Cp1252"/>
    <property name="java.vm.name" value="Java HotSpot(TM) 64-Bit Server VM"/>
    <property name="localRepository" value="C:\Users\vemt\.m2\repository"/>
    <property name="java.vendor.url.bug" value="https://bugreport.java.com/bugreport/"/>
    <property name="java.io.tmpdir" value="C:\Users\vemt\AppData\Local\Temp\"/>
    <property name="java.version" value="17.0.6"/>
    <property name="user.dir" value="C:\Users\vemt\spring_project\weatherInfo"/>
    <property name="os.arch" value="amd64"/>
    <property name="java.vm.specification.name" value="Java Virtual Machine Specification"/>
    <property name="PID" value="42348"/>
    <property name="sun.os.patch.level" value=""/>
    <property name="CONSOLE_LOG_CHARSET" value="windows-1252"/>
    <property name="native.encoding" value="Cp1252"/>
    <property name="java.library.path" value="C:\Program Files\jdk-17.0.6_windows-x64_bin\jdk-17.0.6\bin;C:\Windows\Sun\Java\bin;C:\Windows\system32;C:\Windows;C:\infamdm\hub\cleanse\lib;C:\app\vemt\virtual\product\12.2.0\dbhome_1\bin;C:\app\vemt\product\12.2.0\dbhome_1\bin;C:\Program Files\Microsoft MPI\Bin\;C:\infamdm\hub\cleanse\lib;C:\Windows\system32;C:\Windows;C:\Windows\System32\Wbem;C:\Windows\System32\WindowsPowerShell\v1.0\;C:\Program Files (x86)\Sennheiser\SoftphoneSDK\;C:\Program Files\nodejs\;C:\Program Files (x86)\Microsoft SQL Server\130\Tools\Binn\;C:\Program Files\Microsoft SQL Server\130\Tools\Binn\;C:\Program Files (x86)\Microsoft SQL Server\130\DTS\Binn\;C:\Program Files\Microsoft SQL Server\130\DTS\Binn\;C:\Program Files\Microsoft SQL Server\Client SDK\ODBC\130\Tools\Binn\;C:\Program Files (x86)\Microsoft SQL Server\150\DTS\Binn\;C:\Program Files\Azure Data Studio\bin;C:\jboss-eap-7.3.0\bin;c:\git;C:\Program Files\Git\cmd;C:\Program Files\VideoLAN\VLC;C:\Program Files\dotnet\;C:\Users\vemt\AppData\Roaming\Python\Python310\Scripts;C:\Users\vemt\AppData\Local\Programs\Python\Python310\;C:\Program Files\PuTTY\;C:\Program Files\Docker\Docker\resources\bin;C:\Program Files\jdk-17.0.6_windows-x64_bin\jdk-17.0.6\bin;C:\Users\vemt\AppData\Local\Programs\Python\Python310\Scripts\;C:\Users\vemt\AppData\Local\Programs\Python\Python310\;C:\Users\vemt\AppData\Local\Microsoft\WindowsApps;C:\Users\vemt\AppData\Local\Programs\Microsoft VS Code\bin;C:\Users\vemt\AppData\Roaming\npm;C:\Program Files\Azure Data Studio\bin;;."/>
    <property name="java.vm.info" value="mixed mode, sharing"/>
    <property name="java.vendor" value="Oracle Corporation"/>
    <property name="java.vm.version" value="17.0.6+9-LTS-190"/>
    <property name="sun.io.unicode.encoding" value="UnicodeLittle"/>
    <property name="java.class.version" value="61.0"/>
  </properties>
  <testcase name="contextLoads" classname="com.assessment.weatherInfo.WeatherInfoApplicationTests" time="0.684">
    <system-out><![CDATA[15:07:29.599 [main] INFO org.springframework.test.context.support.AnnotationConfigContextLoaderUtils -- Could not detect default configuration classes for test class [com.assessment.weatherInfo.WeatherInfoApplicationTests]: WeatherInfoApplicationTests does not declare any static, non-private, non-final, nested classes annotated with @Configuration.
15:07:29.689 [main] INFO org.springframework.boot.test.context.SpringBootTestContextBootstrapper -- Found @SpringBootConfiguration com.assessment.weatherInfo.WeatherInfoApplication for test class com.assessment.weatherInfo.WeatherInfoApplicationTests

  .   ____          _            __ _ _
 /\\ / ___'_ __ _ _(_)_ __  __ _ \ \ \ \
( ( )\___ | '_ | '_| | '_ \/ _` | \ \ \ \
 \\/  ___)| |_)| | | | | || (_| |  ) ) ) )
  '  |____| .__|_| |_|_| |_\__, | / / / /
 =========|_|==============|___/=/_/_/_/
 :: Spring Boot ::       (v3.2.0-SNAPSHOT)

2023-07-24T15:07:30.035+05:30  WARN 42348 --- [           main] ory$DuplicateJsonObjectContextCustomizer : 

Found multiple occurrences of org.json.JSONObject on the class path:

	jar:file:/C:/Users/vemt/.m2/repository/org/json/json/20230227/json-20230227.jar!/org/json/JSONObject.class
	jar:file:/C:/Users/vemt/.m2/repository/com/vaadin/external/google/android-json/0.0.20131108.vaadin1/android-json-0.0.20131108.vaadin1.jar!/org/json/JSONObject.class

You may wish to exclude one of them to ensure predictable runtime behavior

2023-07-24T15:07:30.058+05:30  INFO 42348 --- [           main] c.a.w.WeatherInfoApplicationTests        : Starting WeatherInfoApplicationTests using Java 17.0.6 with PID 42348 (started by vemt in C:\Users\vemt\spring_project\weatherInfo)
2023-07-24T15:07:30.060+05:30  INFO 42348 --- [           main] c.a.w.WeatherInfoApplicationTests        : No active profile set, falling back to 1 default profile: "default"
2023-07-24T15:07:31.121+05:30  INFO 42348 --- [           main] c.a.w.WeatherInfoApplicationTests        : Started WeatherInfoApplicationTests in 1.316 seconds (process running for 2.041)
]]></system-out>
  </testcase>
</testsuite>